<?xml version="1.0" encoding="UTF-8"?>
<testng-results ignored="0" total="1" passed="1" failed="0" skipped="0">
  <reporter-output>
  </reporter-output>
  <suite started-at="2023-09-13T17:23:44 IST" name="Default suite" finished-at="2023-09-13T17:23:57 IST" duration-ms="13456">
    <groups>
    </groups>
    <test started-at="2023-09-13T17:23:44 IST" name="Default test" finished-at="2023-09-13T17:23:57 IST" duration-ms="13456">
      <class name="com.BankingProject.testCases.TC_LoginTest_001">
        <test-method is-config="true" signature="SetUp()[pri:0, instance:com.BankingProject.testCases.TC_LoginTest_001@34a3d150]" started-at="2023-09-13T17:23:44 IST" name="SetUp" finished-at="2023-09-13T17:23:50 IST" duration-ms="5768" status="PASS">
          <reporter-output>
          </reporter-output>
        </test-method> <!-- SetUp -->
        <test-method signature="loginTest()[pri:0, instance:com.BankingProject.testCases.TC_LoginTest_001@34a3d150]" started-at="2023-09-13T17:23:50 IST" name="loginTest" finished-at="2023-09-13T17:23:56 IST" duration-ms="5931" status="PASS">
          <reporter-output>
          </reporter-output>
        </test-method> <!-- loginTest -->
        <test-method is-config="true" signature="tearDown()[pri:0, instance:com.BankingProject.testCases.TC_LoginTest_001@34a3d150]" started-at="2023-09-13T17:23:56 IST" name="tearDown" finished-at="2023-09-13T17:23:57 IST" duration-ms="1693" status="PASS">
          <reporter-output>
          </reporter-output>
        </test-method> <!-- tearDown -->
      </class> <!-- com.BankingProject.testCases.TC_LoginTest_001 -->
    </test> <!-- Default test -->
  </suite> <!-- Default suite -->
</testng-results>
